<?xml version="1.0" encoding="UTF-8"?>
<!-- Generated by org.testng.reporters.JUnitReportReporter -->
<testsuite hostname="----" failures="0" tests="1" name="testcases.winiumtest" time="0.708" errors="0" timestamp="2022-07-06T17:48:11 IST" skipped="0">
  <testcase classname="testcases.winiumtest" name="test" time="0.708"/>
  <system-out/>
</testsuite> <!-- testcases.winiumtest -->
