<?xml version="1.0" encoding="UTF-8"?>
<!-- Generated by org.testng.reporters.JUnitReportReporter -->
<testsuite hostname="----" failures="0" tests="1" name="testcases.winiumtest" time="0.632" errors="0" timestamp="2022-07-08T10:39:07 IST" skipped="0">
  <testcase classname="testcases.winiumtest" name="test" time="0.632"/>
  <system-out/>
</testsuite> <!-- testcases.winiumtest -->
