<?xml version="1.0" encoding="UTF-8"?>
<!-- Generated by org.testng.reporters.JUnitReportReporter -->
<testsuite hostname="----" failures="0" tests="1" name="testcases.winiumtest" time="0.807" errors="0" timestamp="2022-07-06T10:38:17 IST" skipped="0">
  <testcase classname="testcases.winiumtest" name="test" time="0.807"/>
  <system-out/>
</testsuite> <!-- testcases.winiumtest -->
